<?xml version="1.0" encoding="UTF-8"?>
<testsuite xmlns:xsi="http://www.w3.org/2001/XMLSchema-instance" xsi:noNamespaceSchemaLocation="https://maven.apache.org/surefire/maven-surefire-plugin/xsd/surefire-test-report-3.0.xsd" version="3.0" name="com.theta.test.MybatisConfigTest" time="0.732" tests="1" errors="0" skipped="0" failures="0">
  <properties>
    <property name="java.specification.version" value="21"/>
    <property name="sun.cpu.isalist" value="amd64"/>
    <property name="sun.jnu.encoding" value="UTF-8"/>
    <property name="java.class.path" value="E:\melon\Code\Java\java_web\request-test\target\test-classes;E:\melon\Code\Java\java_web\request-test\target\request-test\WEB-INF\classes;C:\Users\86150\.m2\repository\com\mysql\mysql-connector-j\8.3.0\mysql-connector-j-8.3.0.jar;C:\Users\86150\.m2\repository\com\google\protobuf\protobuf-java\3.25.1\protobuf-java-3.25.1.jar;C:\Users\86150\.m2\repository\junit\junit\4.13.2\junit-4.13.2.jar;C:\Users\86150\.m2\repository\org\hamcrest\hamcrest-core\1.3\hamcrest-core-1.3.jar;C:\Users\86150\.m2\repository\org\mybatis\mybatis\3.5.15\mybatis-3.5.15.jar;C:\Users\86150\.m2\repository\jakarta\servlet\jakarta.servlet-api\6.1.0-M1\jakarta.servlet-api-6.1.0-M1.jar;C:\Users\86150\.m2\repository\commons-io\commons-io\2.15.1\commons-io-2.15.1.jar;"/>
    <property name="java.vm.vendor" value="Oracle Corporation"/>
    <property name="sun.arch.data.model" value="64"/>
    <property name="user.variant" value=""/>
    <property name="java.vendor.url" value="https://java.oracle.com/"/>
    <property name="user.timezone" value="Asia/Shanghai"/>
    <property name="os.name" value="Windows 11"/>
    <property name="java.vm.specification.version" value="21"/>
    <property name="sun.java.launcher" value="SUN_STANDARD"/>
    <property name="user.country" value="CN"/>
    <property name="sun.boot.library.path" value="D:\apps\java\jdk-21\bin"/>
    <property name="sun.java.command" value="C:\Users\86150\AppData\Local\Temp\surefire8074012619418510905\surefirebooter-20240202130600653_3.jar C:\Users\86150\AppData\Local\Temp\surefire8074012619418510905 2024-02-02T13-06-00_443-jvmRun1 surefire-20240202130600653_1tmp surefire_0-20240202130600653_2tmp"/>
    <property name="jdk.debug" value="release"/>
    <property name="surefire.test.class.path" value="E:\melon\Code\Java\java_web\request-test\target\test-classes;E:\melon\Code\Java\java_web\request-test\target\request-test\WEB-INF\classes;C:\Users\86150\.m2\repository\com\mysql\mysql-connector-j\8.3.0\mysql-connector-j-8.3.0.jar;C:\Users\86150\.m2\repository\com\google\protobuf\protobuf-java\3.25.1\protobuf-java-3.25.1.jar;C:\Users\86150\.m2\repository\junit\junit\4.13.2\junit-4.13.2.jar;C:\Users\86150\.m2\repository\org\hamcrest\hamcrest-core\1.3\hamcrest-core-1.3.jar;C:\Users\86150\.m2\repository\org\mybatis\mybatis\3.5.15\mybatis-3.5.15.jar;C:\Users\86150\.m2\repository\jakarta\servlet\jakarta.servlet-api\6.1.0-M1\jakarta.servlet-api-6.1.0-M1.jar;C:\Users\86150\.m2\repository\commons-io\commons-io\2.15.1\commons-io-2.15.1.jar;"/>
    <property name="sun.cpu.endian" value="little"/>
    <property name="user.home" value="C:\Users\86150"/>
    <property name="user.language" value="zh"/>
    <property name="java.specification.vendor" value="Oracle Corporation"/>
    <property name="java.version.date" value="2023-10-17"/>
    <property name="java.home" value="D:\apps\java\jdk-21"/>
    <property name="file.separator" value="\"/>
    <property name="basedir" value="E:\melon\Code\Java\java_web\request-test"/>
    <property name="java.vm.compressedOopsMode" value="Zero based"/>
    <property name="line.separator" value="&#10;"/>
    <property name="java.vm.specification.vendor" value="Oracle Corporation"/>
    <property name="java.specification.name" value="Java Platform API Specification"/>
    <property name="surefire.real.class.path" value="C:\Users\86150\AppData\Local\Temp\surefire8074012619418510905\surefirebooter-20240202130600653_3.jar"/>
    <property name="user.script" value=""/>
    <property name="sun.management.compiler" value="HotSpot 64-Bit Tiered Compilers"/>
    <property name="java.runtime.version" value="21.0.1+12-LTS-29"/>
    <property name="user.name" value="Fuck"/>
    <property name="stdout.encoding" value="UTF-8"/>
    <property name="path.separator" value=";"/>
    <property name="os.version" value="10.0"/>
    <property name="java.runtime.name" value="Java(TM) SE Runtime Environment"/>
    <property name="file.encoding" value="UTF-8"/>
    <property name="java.vm.name" value="Java HotSpot(TM) 64-Bit Server VM"/>
    <property name="localRepository" value="C:\Users\86150\.m2\repository"/>
    <property name="java.vendor.url.bug" value="https://bugreport.java.com/bugreport/"/>
    <property name="java.io.tmpdir" value="C:\Users\86150\AppData\Local\Temp\"/>
    <property name="idea.version" value="2023.3.3"/>
    <property name="java.version" value="21.0.1"/>
    <property name="user.dir" value="E:\melon\Code\Java\java_web\request-test"/>
    <property name="os.arch" value="amd64"/>
    <property name="java.vm.specification.name" value="Java Virtual Machine Specification"/>
    <property name="sun.os.patch.level" value=""/>
    <property name="native.encoding" value="UTF-8"/>
    <property name="java.library.path" value="D:\apps\java\jdk-21\bin;C:\WINDOWS\Sun\Java\bin;C:\WINDOWS\system32;C:\WINDOWS;C:\WINDOWS\system32;C:\WINDOWS;C:\WINDOWS\System32\Wbem;C:\WINDOWS\System32\WindowsPowerShell\v1.0\;C:\WINDOWS\System32\OpenSSH\;C:\Program Files (x86)\EasyShare\x86\;C:\Program Files (x86)\EasyShare\x64\;C:\Program Files\dotnet\;D:\mingw64\bin;D:\apps\nodejs\;D:\apps\nodejs\node_global;D:\apps\Git\cmd;D:\apps\微信web开发者工具\dll;D:\apps\apache-maven-3.9.6\bin;D:\apps\java\jdk-21\bin;E:\melon\apps\MySQL\mysql-8.1.0-winx64\bin;C:\Users\86150\.console-ninja\.bin;C:\Users\86150\AppData\Local\Programs\Python\Python310\Scripts\;C:\Users\86150\AppData\Local\Programs\Python\Python310\;C:\Users\86150\AppData\Local\Microsoft\WindowsApps;;C:\Program Files\JetBrains\PyCharm Community Edition 2022.2.3\bin;;C:\Program Files\JetBrains\PyCharm 2022.2.4\bin;D:\Microsoft VS Code\bin;C:\Users\86150\AppData\Local\Programs\oh-my-posh\bin;D:\apps\IntelliJ IDEA Community Edition 2023.3.2\bin;;D:\apps\IntelliJ IDEA 2023.3.3\bin;;."/>
    <property name="java.vm.info" value="mixed mode, sharing"/>
    <property name="stderr.encoding" value="UTF-8"/>
    <property name="java.vendor" value="Oracle Corporation"/>
    <property name="java.vm.version" value="21.0.1+12-LTS-29"/>
    <property name="sun.io.unicode.encoding" value="UnicodeLittle"/>
    <property name="java.class.version" value="65.0"/>
  </properties>
  <testcase name="testSelect" classname="com.theta.test.MybatisConfigTest" time="0.678">
    <system-out><![CDATA[User{id=1, username='zhangsan', password='123'}
succeed
]]></system-out>
  </testcase>
</testsuite>